/* New recording mechanism */

15:49:25.078 /* Start section (Action) */

15:49:33.781 /* WSAStartup(): process 3412 using flags 0 */

15:49:33.781 /* ReadCommWindowInfo: HttpInterceptMode = 0 */

15:49:33.796 /* socket(): created with handle: 3412:488, address format 2, type 2, protocol 0. */

15:49:33.796 /* setsockopt failed */

15:49:33.796 /* closesocket(): socket 3412:488 closed successfully */

15:49:33.828 /* socket(): created with handle: 3412:528, address format 2, type 1, protocol 6. */

15:49:33.828 /* connect(): socket 3412:528 tried to connect with family 2, port 4998, and address 0xc0a8011a. Return value: 0 */

15:49:33.843 /*  */

15:49:33.843 /* recv failed */

15:49:50.734 /* COMMENT: GO UP */

15:49:54.062 /* lr_think_time(): wait 21 seconds */

15:49:54.078 /* send(): 230 bytes were sent to socket 3412:528 using flags 0 */

(send_0, 230, 528)
	"sendir,4:1,1,38000,1,1,171,169,21,63,21,63,21,63,21,20,21,20,21,20,21,20,2"
	"1,20,21,63,21,63,21,63,21,20,21,20,21,20,21,20,21,20,21,20,21,20,21,20,21,"
	"20,21,20,21,63,21,63,21,20,21,63,21,63,21,63,21,63,21,63,21,20,21,20,21,63"
	",21,760\r"


15:49:54.203 /*  */

15:49:54.203 /* recv failed */

15:50:02.687 /* COMMENT: GO DOWN */

15:50:11.781 /* lr_think_time(): wait 17 seconds */

15:50:11.796 /* send(): 232 bytes were sent to socket 3412:528 using flags 0 */

(send_1, 232, 528)
	"sendir,4:1,1,38000,1,1,171,170,21,63,21,63,21,63,21,22,21,22,21,22,21,22,2"
	"1,22,21,63,21,63,21,63,21,22,21,22,21,22,21,22,21,22,21,63,21,22,21,22,21,"
	"22,21,22,21,63,21,63,21,22,21,22,21,63,21,63,21,63,21,63,21,22,21,22,21,63"
	",21,760\\r\r"


15:50:11.921 /*  */

15:50:11.921 /* recv failed */

15:50:25.781 /* COMMENT: GO UP */

15:50:27.531 /* lr_think_time(): wait 16 seconds */

15:50:27.531 /* send(): 230 bytes were sent to socket 3412:528 using flags 0 */

(send_2, 230, 528)
	"sendir,4:1,1,38000,1,1,171,169,21,63,21,63,21,63,21,20,21,20,21,20,21,20,2"
	"1,20,21,63,21,63,21,63,21,20,21,20,21,20,21,20,21,20,21,20,21,20,21,20,21,"
	"20,21,20,21,63,21,63,21,20,21,63,21,63,21,63,21,63,21,63,21,20,21,20,21,63"
	",21,760\r"


15:50:27.656 /*  */

15:50:27.656 /* recv failed */

15:50:39.953 /* COMMENT: GO DOWN */

15:50:44.234 /* lr_think_time(): wait 17 seconds */

15:50:44.234 /* send(): 232 bytes were sent to socket 3412:528 using flags 0 */

(send_3, 232, 528)
	"sendir,4:1,1,38000,1,1,171,170,21,63,21,63,21,63,21,22,21,22,21,22,21,22,2"
	"1,22,21,63,21,63,21,63,21,22,21,22,21,22,21,22,21,22,21,63,21,22,21,22,21,"
	"22,21,22,21,63,21,63,21,22,21,22,21,63,21,63,21,63,21,63,21,22,21,22,21,63"
	",21,760\\r\r"


15:50:44.359 /*  */

15:50:44.359 /* recv failed */

